make all --print-data-base --no-builtin-variables --no-builtin-rules --question
make: *** No rule to make target 'all'.  Stop.

# GNU Make 4.3
# Built for x86_64-pc-linux-gnu
# Copyright (C) 1988-2020 Free Software Foundation, Inc.
# License GPLv3+: GNU GPL version 3 or later <http://gnu.org/licenses/gpl.html>
# This is free software: you are free to change and redistribute it.
# There is NO WARRANTY, to the extent permitted by law.

# Make data base, printed on Fri Aug 12 15:03:21 2022

# Variables

# environment
LC_ALL = C
# environment
VSCODE_CWD = /root
# environment
all_proxy = http://127.0.0.1:7890
# default
MAKE_COMMAND := make
# environment
VSCODE_HANDLES_SIGPIPE = true
# environment
GOPATH = /root/projects/Go
# automatic
@D = $(patsubst %/,%,$(dir $@))
# environment
VSCODE_HANDLES_UNCAUGHT_ERRORS = true
# default
.VARIABLES := 
# environment
PWD = /root/projects/Pythons/cpp_punctuator
# automatic
%D = $(patsubst %/,%,$(dir $%))
# environment
LSCOLORS = Gxfxcxdxbxegedabagacad
# environment
OLDPWD = /root
# environment
http_proxy = http://127.0.0.1:7890
# automatic
^D = $(patsubst %/,%,$(dir $^))
# automatic
%F = $(notdir $%)
# environment
LANG = C
# default
.LOADED := 
# default
.INCLUDE_DIRS = /usr/local/include /usr/include /usr/include
# makefile
MAKEFLAGS = pqrR
# makefile
CURDIR := /root/projects/Pythons/cpp_punctuator
# environment
APPLICATION_INSIGHTS_NO_DIAGNOSTIC_CHANNEL = true
# environment
ZSH_TMUX_TERM = screen
# automatic
*D = $(patsubst %/,%,$(dir $*))
# environment
MFLAGS = -pqrR
# default
.SHELLFLAGS := -c
# environment
_ZSH_TMUX_FIXED_CONFIG = /root/.oh-my-zsh/plugins/tmux/tmux.extra.conf
# automatic
+D = $(patsubst %/,%,$(dir $+))
# environment
P9K_SSH = 1
# makefile
MAKEFILE_LIST := 
# environment
CONDA_SHLVL = 0
# automatic
@F = $(notdir $@)
# environment
ZSH = /root/.oh-my-zsh
# environment
XDG_SESSION_TYPE = tty
# automatic
?D = $(patsubst %/,%,$(dir $?))
# environment
HTTPS_PROXY = http://127.0.0.1:7890
# environment
CONDA_PYTHON_EXE = /root/miniconda3/bin/python
# automatic
*F = $(notdir $*)
# environment
DBUS_SESSION_BUS_ADDRESS = unix:path=/run/user/0/bus
# environment
HTTP_PROXY = http://127.0.0.1:7890
# automatic
<D = $(patsubst %/,%,$(dir $<))
# environment
VSCODE_NLS_CONFIG = {"locale":"zh-cn","availableLanguages":{"*":"zh-cn"},"_languagePackId":"08bdb29c43b4c03defdaaecc51ad48b6.zh-cn","_translationsConfigFile":"/root/.vscode-server/data/clp/08bdb29c43b4c03defdaaecc51ad48b6.zh-cn/tcf.json","_cacheRoot":"/root/.vscode-server/data/clp/08bdb29c43b4c03defdaaecc51ad48b6.zh-cn","_resolvedLanguagePackCoreLocation":"/root/.vscode-server/data/clp/08bdb29c43b4c03defdaaecc51ad48b6.zh-cn/da76f93349a72022ca4670c1b84860304616aaa2","_corruptedFile":"/root/.vscode-server/data/clp/08bdb29c43b4c03defdaaecc51ad48b6.zh-cn/corrupted.info","_languagePackSupport":true}
# default
MAKE_HOST := x86_64-pc-linux-gnu
# makefile
SHELL = /bin/sh
# default
MAKECMDGOALS := all
# environment
SHLVL = 0
# environment
MAKELEVEL := 0
# environment
ZSH_TMUX_CONFIG = /root/.tmux.conf
# default
MAKE = $(MAKE_COMMAND)
# environment
PATH = /root/.vscode-server/bin/da76f93349a72022ca4670c1b84860304616aaa2/bin/remote-cli:/root/miniconda3/condabin:/usr/local/sbin:/usr/local/bin:/usr/sbin:/usr/bin:/sbin:/bin:/usr/local/go/bin
# default
MAKEFILES := 
# environment
MOTD_SHOWN = pam
# automatic
^F = $(notdir $^)
# environment
SSH_CLIENT = 10.0.0.238 10579 22
# environment
TZ = Asia/Shanghai
# automatic
?F = $(notdir $?)
# environment
LS_COLORS = 
# automatic
+F = $(notdir $+)
# environment
LESS = -R
# 'override' directive
GNUMAKEFLAGS := 
# environment
BROWSER = /root/.vscode-server/bin/da76f93349a72022ca4670c1b84860304616aaa2/bin/helpers/browser.sh
# environment
LOGNAME = root
# makefile
.DEFAULT_GOAL := 
# environment
USER = root
# default
MAKE_VERSION := 4.3
# environment
PAGER = less
# environment
VSCODE_AGENT_FOLDER = /root/.vscode-server
# environment
_ = /root/.vscode-server/bin/da76f93349a72022ca4670c1b84860304616aaa2/node
# environment
XDG_RUNTIME_DIR = /run/user/0
# environment
_CE_M = 
# environment
VSCODE_IPC_HOOK_CLI = /run/user/0/vscode-ipc-a14e10eb-40a9-4302-8b5f-46c43ce5e40a.sock
# environment
XDG_SESSION_CLASS = user
# environment
VSCODE_AMD_ENTRYPOINT = vs/workbench/api/node/extensionHostProcess
# environment
HOME = /root
# environment
ELECTRON_RUN_AS_NODE = 1
# environment
XDG_SESSION_ID = 726
# default
.RECIPEPREFIX := 
# automatic
<F = $(notdir $<)
# default
SUFFIXES := 
# default
.FEATURES := target-specific order-only second-expansion else-if shortest-stem undefine oneshell nocomment grouped-target extra-prereqs archives jobserver output-sync check-symlink load
# environment
https_proxy = http://127.0.0.1:7890
# environment
ALL_PROXY = http://127.0.0.1:7890
# environment
CONDA_EXE = /root/miniconda3/bin/conda
# environment
_CE_CONDA = 
# environment
SSH_CONNECTION = 10.0.0.238 10579 10.0.0.175 22
# variable set hash-table stats:
# Load=85/1024=8%, Rehash=0, Collisions=2/112=2%

# Pattern-specific Variable Values

# No pattern-specific variable values.

# Directories

# . (device 2051, inode 845784): 8 files, no impossibilities.

# 8 files, no impossibilities in 1 directories.

# Implicit Rules

# No implicit rules.

# Files

# Not a target:
Makefile:
#  Implicit rule search has been done.
#  File does not exist.
#  File has been updated.
#  Failed to be updated.

# Not a target:
.DEFAULT:
#  Implicit rule search has not been done.
#  Modification time never checked.
#  File has not been updated.

# Not a target:
all:
#  Command line target.
#  Implicit rule search has been done.
#  File does not exist.
#  File has not been updated.

# Not a target:
makefile:
#  Implicit rule search has been done.
#  File does not exist.
#  File has been updated.
#  Failed to be updated.

# Not a target:
GNUmakefile:
#  Implicit rule search has been done.
#  File does not exist.
#  File has been updated.
#  Failed to be updated.

# files hash-table stats:
# Load=6/1024=1%, Rehash=0, Collisions=0/15=0%
# VPATH Search Paths

# No 'vpath' search paths.

# No general ('VPATH' variable) search path.

# strcache buffers: 1 (0) / strings = 16 / storage = 131 B / avg = 8 B
# current buf: size = 8162 B / used = 131 B / count = 16 / avg = 8 B

# strcache performance: lookups = 19 / hit rate = 15%
# hash-table stats:
# Load=16/8192=0%, Rehash=0, Collisions=0/19=0%
# Finished Make data base on Fri Aug 12 15:03:21 2022

 
